#
# There is insufficient memory for the Java Runtime Environment to continue.
# Native memory allocation (mmap) failed to map 327155712 bytes for G1 virtual space
# Possible reasons:
#   The system is out of physical RAM or swap space
#   The process is running with CompressedOops enabled, and the Java Heap may be blocking the growth of the native heap
# Possible solutions:
#   Reduce memory load on the system
#   Increase physical memory or swap space
#   Check if swap backing store is full
#   Decrease Java heap size (-Xmx/-Xms)
#   Decrease number of Java threads
#   Decrease Java thread stack sizes (-Xss)
#   Set larger code cache with -XX:ReservedCodeCacheSize=
#   JVM is running with Zero Based Compressed Oops mode in which the Java heap is
#     placed in the first 32GB address space. The Java Heap base address is the
#     maximum limit for the native heap growth. Please use -XX:HeapBaseMinAddress
#     to set the Java Heap base and to place the Java Heap above 32GB virtual address.
# This output file may be truncated or incomplete.
#
#  Out of Memory Error (os_windows.cpp:3548), pid=12172, tid=16528
#
# JRE version: Java(TM) SE Runtime Environment (17.0.10+11) (build 17.0.10+11-LTS-240)
# Java VM: Java HotSpot(TM) 64-Bit Server VM (17.0.10+11-LTS-240, mixed mode, sharing, tiered, compressed oops, compressed class ptrs, g1 gc, windows-amd64)
# No core dump will be written. Minidumps are not enabled by default on client versions of Windows
#

---------------  S U M M A R Y ------------

Command Line: --add-modules=ALL-DEFAULT jdk.compiler/com.sun.tools.javac.launcher.Main RunVehicleAutomationModel.java -headless=true -seed=0 -simTime=14400 -avFraction=0.1338466888971908 -mainDemand=3102.510693472233 -rampDemand=1692.700517217943

Host: AMD Ryzen 9 5900HX with Radeon Graphics        , 16 cores, 15G,  Windows 11 , 64 bit Build 22621 (10.0.22621.3527)
Time: Tue Jul  2 16:58:14 2024 W. Europe Summer Time elapsed time: 74.520109 seconds (0d 0h 1m 14s)

---------------  T H R E A D  ---------------

Current thread (0x000001cfb10da460):  VMThread "VM Thread" [stack: 0x0000007447000000,0x0000007447100000] [id=16528]

Stack: [0x0000007447000000,0x0000007447100000]
Native frames: (J=compiled Java code, j=interpreted, Vv=VM code, C=native code)
V  [jvm.dll+0x677a5a]
V  [jvm.dll+0x7d8b2d]
V  [jvm.dll+0x7da48e]
V  [jvm.dll+0x7daaf3]
V  [jvm.dll+0x2455ff]
V  [jvm.dll+0x6749b9]
V  [jvm.dll+0x669382]
V  [jvm.dll+0x302e96]
V  [jvm.dll+0x30a416]
V  [jvm.dll+0x359cbe]
V  [jvm.dll+0x359eef]
V  [jvm.dll+0x2d9e88]
V  [jvm.dll+0x2d8295]
V  [jvm.dll+0x2d789c]
V  [jvm.dll+0x31b18b]
V  [jvm.dll+0x7df30b]
V  [jvm.dll+0x7e0044]
V  [jvm.dll+0x7e055d]
V  [jvm.dll+0x7e0934]
V  [jvm.dll+0x7e0a00]
V  [jvm.dll+0x78888a]
V  [jvm.dll+0x676935]
C  [ucrtbase.dll+0x29333]
C  [KERNEL32.DLL+0x1257d]
C  [ntdll.dll+0x5aa48]

VM_Operation (0x00000074484fe990): G1CollectForAllocation, mode: safepoint, requested by thread 0x000001cff7446c90


---------------  P R O C E S S  ---------------

Threads class SMR info:
_java_thread_list=0x000001cff7b36b80, length=13, elements={
0x000001cfb10ddf60, 0x000001cfb10debe0, 0x000001cfb10f73f0, 0x000001cfb10f86e0,
0x000001cfb10f8fb0, 0x000001cfb10f9880, 0x000001cfb110a470, 0x000001cfb110ca50,
0x000001cfb110ef80, 0x000001cfb12c0400, 0x000001cfb1405650, 0x000001cff7446c90,
0x000001cfb13faad0
}

Java Threads: ( => current thread )
  0x000001cfb10ddf60 JavaThread "Reference Handler" daemon [_thread_blocked, id=13992, stack(0x0000007447100000,0x0000007447200000)]
  0x000001cfb10debe0 JavaThread "Finalizer" daemon [_thread_blocked, id=15388, stack(0x0000007447200000,0x0000007447300000)]
  0x000001cfb10f73f0 JavaThread "Signal Dispatcher" daemon [_thread_blocked, id=28752, stack(0x0000007447300000,0x0000007447400000)]
  0x000001cfb10f86e0 JavaThread "Attach Listener" daemon [_thread_blocked, id=22008, stack(0x0000007447400000,0x0000007447500000)]
  0x000001cfb10f8fb0 JavaThread "Service Thread" daemon [_thread_blocked, id=4584, stack(0x0000007447500000,0x0000007447600000)]
  0x000001cfb10f9880 JavaThread "Monitor Deflation Thread" daemon [_thread_blocked, id=4760, stack(0x0000007447600000,0x0000007447700000)]
  0x000001cfb110a470 JavaThread "C2 CompilerThread0" daemon [_thread_in_native, id=27084, stack(0x0000007447700000,0x0000007447800000)]
  0x000001cfb110ca50 JavaThread "C1 CompilerThread0" daemon [_thread_blocked, id=20928, stack(0x0000007447800000,0x0000007447900000)]
  0x000001cfb110ef80 JavaThread "Sweeper thread" daemon [_thread_blocked, id=8812, stack(0x0000007447900000,0x0000007447a00000)]
  0x000001cfb12c0400 JavaThread "Common-Cleaner" daemon [_thread_blocked, id=11412, stack(0x0000007447a00000,0x0000007447b00000)]
  0x000001cfb1405650 JavaThread "Notification Thread" daemon [_thread_blocked, id=7844, stack(0x0000007447b00000,0x0000007447c00000)]
  0x000001cff7446c90 JavaThread "ShortMerge" [_thread_blocked, id=28832, stack(0x0000007448400000,0x0000007448500000)]
  0x000001cfb13faad0 JavaThread "DestroyJavaVM" [_thread_blocked, id=12096, stack(0x0000007446a00000,0x0000007446b00000)]

Other Threads:
=>0x000001cfb10da460 VMThread "VM Thread" [stack: 0x0000007447000000,0x0000007447100000] [id=16528]
  0x000001cf8df53bd0 WatcherThread [stack: 0x0000007447c00000,0x0000007447d00000] [id=6180]
  0x000001cf8df26470 GCTaskThread "GC Thread#0" [stack: 0x0000007446b00000,0x0000007446c00000] [id=1008]
  0x000001cfb1f393d0 GCTaskThread "GC Thread#1" [stack: 0x0000007447d00000,0x0000007447e00000] [id=6196]
  0x000001cff7054540 GCTaskThread "GC Thread#2" [stack: 0x0000007447e00000,0x0000007447f00000] [id=10956]
  0x000001cff7054800 GCTaskThread "GC Thread#3" [stack: 0x0000007447f00000,0x0000007448000000] [id=3908]
  0x000001cff7054ac0 GCTaskThread "GC Thread#4" [stack: 0x0000007448000000,0x0000007448100000] [id=8344]
  0x000001cff7beeff0 GCTaskThread "GC Thread#5" [stack: 0x0000007448100000,0x0000007448200000] [id=20316]
  0x000001cff7fd0c50 GCTaskThread "GC Thread#6" [stack: 0x0000007448200000,0x0000007448300000] [id=8544]
  0x000001cff7d9e310 GCTaskThread "GC Thread#7" [stack: 0x0000007448300000,0x0000007448400000] [id=17476]
  0x000001cff7083e40 GCTaskThread "GC Thread#8" [stack: 0x0000007448500000,0x0000007448600000] [id=27376]
  0x000001cff7083340 GCTaskThread "GC Thread#9" [stack: 0x0000007448600000,0x0000007448700000] [id=12596]
  0x000001cff7084100 GCTaskThread "GC Thread#10" [stack: 0x0000007448700000,0x0000007448800000] [id=26344]
  0x000001cff7083600 GCTaskThread "GC Thread#11" [stack: 0x0000007448800000,0x0000007448900000] [id=14740]
  0x000001cff70843c0 GCTaskThread "GC Thread#12" [stack: 0x0000007448900000,0x0000007448a00000] [id=23700]
  0x000001cf8df36940 ConcurrentGCThread "G1 Main Marker" [stack: 0x0000007446c00000,0x0000007446d00000] [id=7668]
  0x000001cf8df37250 ConcurrentGCThread "G1 Conc#0" [stack: 0x0000007446d00000,0x0000007446e00000] [id=29580]
  0x000001cff70838c0 ConcurrentGCThread "G1 Conc#1" [stack: 0x0000007448a00000,0x0000007448b00000] [id=18864]
  0x000001cff7084c00 ConcurrentGCThread "G1 Conc#2" [stack: 0x0000007448b00000,0x0000007448c00000] [id=6580]
  0x000001cf8df7e3e0 ConcurrentGCThread "G1 Refine#0" [stack: 0x0000007446e00000,0x0000007446f00000] [id=27604]
  0x000001cfb1015d00 ConcurrentGCThread "G1 Service" [stack: 0x0000007446f00000,0x0000007447000000] [id=6868]

Threads with active compile tasks:
C2 CompilerThread0    74811 5791       4       org.opentrafficsim.road.gtu.lane.tactical.lmrs.IncentiveCourtesy::determineDesire (952 bytes)
C1 CompilerThread0    74811 5865       2       org.opentrafficsim.road.gtu.lane.perception.RollingLaneStructureRecord::clearNextList (10 bytes)

VM state: at safepoint (normal execution)

VM Mutex/Monitor currently owned by a thread:  ([mutex/lock_event])
[0x000001cf8deb6cc0] Threads_lock - owner thread: 0x000001cfb10da460
[0x000001cf8deb5ac0] Heap_lock - owner thread: 0x000001cff7446c90

Heap address: 0x0000000709800000, size: 3944 MB, Compressed Oops mode: Zero based, Oop shift amount: 3

CDS archive(s) mapped at: [0x000001cfb2000000-0x000001cfb2bd0000-0x000001cfb2bd0000), size 12386304, SharedBaseAddress: 0x000001cfb2000000, ArchiveRelocationMode: 1.
Compressed class space mapped at: 0x000001cfb3000000-0x000001cff3000000, reserved size: 1073741824
Narrow klass base: 0x000001cfb2000000, Narrow klass shift: 0, Narrow klass range: 0x100000000

GC Precious Log:
 CPUs: 16 total, 16 available
 Memory: 15775M
 Large Page Support: Disabled
 NUMA Support: Disabled
 Compressed Oops: Enabled (Zero based)
 Heap Region Size: 2M
 Heap Min Capacity: 8M
 Heap Initial Capacity: 248M
 Heap Max Capacity: 3944M
 Pre-touch: Disabled
 Parallel Workers: 13
 Concurrent Workers: 3
 Concurrent Refinement Workers: 13
 Periodic GC: Disabled

Heap:
 garbage-first heap   total 366592K, used 29281K [0x0000000709800000, 0x0000000800000000)
  region size 2048K, 4 young (8192K), 4 survivors (8192K)
 Metaspace       used 25487K, committed 25728K, reserved 1114112K
  class space    used 2932K, committed 3072K, reserved 1048576K

Heap Regions: E=young(eden), S=young(survivor), O=old, HS=humongous(starts), HC=humongous(continues), CS=collection set, F=free, OA=open archive, CA=closed archive, TAMS=top-at-mark-start (previous, next)
|   0|0x0000000709800000, 0x0000000709a00000, 0x0000000709a00000|100%| O|  |TAMS 0x0000000709a00000, 0x0000000709800000| Untracked 
|   1|0x0000000709a00000, 0x0000000709c00000, 0x0000000709c00000|100%| O|  |TAMS 0x0000000709c00000, 0x0000000709a00000| Untracked 
|   2|0x0000000709c00000, 0x0000000709e00000, 0x0000000709e00000|100%| O|  |TAMS 0x0000000709e00000, 0x0000000709c00000| Untracked 
|   3|0x0000000709e00000, 0x000000070a000000, 0x000000070a000000|100%| O|  |TAMS 0x000000070a000000, 0x0000000709e00000| Untracked 
|   4|0x000000070a000000, 0x000000070a200000, 0x000000070a200000|100%| O|  |TAMS 0x000000070a200000, 0x000000070a000000| Untracked 
|   5|0x000000070a200000, 0x000000070a400000, 0x000000070a400000|100%| O|  |TAMS 0x000000070a302c00, 0x000000070a200000| Untracked 
|   6|0x000000070a400000, 0x000000070a600000, 0x000000070a600000|100%| O|  |TAMS 0x000000070a400000, 0x000000070a400000| Untracked 
|   7|0x000000070a600000, 0x000000070a800000, 0x000000070a800000|100%| O|  |TAMS 0x000000070a600000, 0x000000070a600000| Untracked 
|   8|0x000000070a800000, 0x000000070a967c00, 0x000000070aa00000| 70%| O|  |TAMS 0x000000070a800000, 0x000000070a800000| Untracked 
|   9|0x000000070aa00000, 0x000000070ac00000, 0x000000070ac00000|100%| O|  |TAMS 0x000000070aa00000, 0x000000070aa00000| Untracked 
|  10|0x000000070ac00000, 0x000000070ada1a00, 0x000000070ae00000| 81%| O|  |TAMS 0x000000070ac00000, 0x000000070ac00000| Untracked 
|  11|0x000000070ae00000, 0x000000070ae00000, 0x000000070b000000|  0%| F|  |TAMS 0x000000070ae00000, 0x000000070ae00000| Untracked 
|  12|0x000000070b000000, 0x000000070b000000, 0x000000070b200000|  0%| F|  |TAMS 0x000000070b000000, 0x000000070b000000| Untracked 
|  13|0x000000070b200000, 0x000000070b200000, 0x000000070b400000|  0%| F|  |TAMS 0x000000070b200000, 0x000000070b200000| Untracked 
|  14|0x000000070b400000, 0x000000070b400000, 0x000000070b600000|  0%| F|  |TAMS 0x000000070b400000, 0x000000070b400000| Untracked 
|  15|0x000000070b600000, 0x000000070b600000, 0x000000070b800000|  0%| F|  |TAMS 0x000000070b600000, 0x000000070b600000| Untracked 
|  16|0x000000070b800000, 0x000000070b800000, 0x000000070ba00000|  0%| F|  |TAMS 0x000000070b800000, 0x000000070b800000| Untracked 
|  17|0x000000070ba00000, 0x000000070ba00000, 0x000000070bc00000|  0%| F|  |TAMS 0x000000070ba00000, 0x000000070ba00000| Untracked 
|  18|0x000000070bc00000, 0x000000070bc00000, 0x000000070be00000|  0%| F|  |TAMS 0x000000070bc00000, 0x000000070bc00000| Untracked 
|  19|0x000000070be00000, 0x000000070be00000, 0x000000070c000000|  0%| F|  |TAMS 0x000000070be00000, 0x000000070be00000| Untracked 
|  20|0x000000070c000000, 0x000000070c000000, 0x000000070c200000|  0%| F|  |TAMS 0x000000070c000000, 0x000000070c000000| Untracked 
|  21|0x000000070c200000, 0x000000070c200000, 0x000000070c400000|  0%| F|  |TAMS 0x000000070c200000, 0x000000070c200000| Untracked 
|  22|0x000000070c400000, 0x000000070c400000, 0x000000070c600000|  0%| F|  |TAMS 0x000000070c400000, 0x000000070c400000| Untracked 
|  23|0x000000070c600000, 0x000000070c600000, 0x000000070c800000|  0%| F|  |TAMS 0x000000070c600000, 0x000000070c600000| Untracked 
|  24|0x000000070c800000, 0x000000070c800000, 0x000000070ca00000|  0%| F|  |TAMS 0x000000070c800000, 0x000000070c800000| Untracked 
|  25|0x000000070ca00000, 0x000000070ca00000, 0x000000070cc00000|  0%| F|  |TAMS 0x000000070ca00000, 0x000000070ca00000| Untracked 
|  26|0x000000070cc00000, 0x000000070cc00000, 0x000000070ce00000|  0%| F|  |TAMS 0x000000070cc00000, 0x000000070cc00000| Untracked 
|  27|0x000000070ce00000, 0x000000070ce00000, 0x000000070d000000|  0%| F|  |TAMS 0x000000070ce00000, 0x000000070ce00000| Untracked 
|  28|0x000000070d000000, 0x000000070d000000, 0x000000070d200000|  0%| F|  |TAMS 0x000000070d000000, 0x000000070d000000| Untracked 
|  29|0x000000070d200000, 0x000000070d200000, 0x000000070d400000|  0%| F|  |TAMS 0x000000070d200000, 0x000000070d200000| Untracked 
|  30|0x000000070d400000, 0x000000070d400000, 0x000000070d600000|  0%| F|  |TAMS 0x000000070d400000, 0x000000070d400000| Untracked 
|  31|0x000000070d600000, 0x000000070d600000, 0x000000070d800000|  0%| F|  |TAMS 0x000000070d600000, 0x000000070d600000| Untracked 
|  32|0x000000070d800000, 0x000000070d800000, 0x000000070da00000|  0%| F|  |TAMS 0x000000070d800000, 0x000000070d800000| Untracked 
|  33|0x000000070da00000, 0x000000070da00000, 0x000000070dc00000|  0%| F|  |TAMS 0x000000070da00000, 0x000000070da00000| Untracked 
|  34|0x000000070dc00000, 0x000000070dc00000, 0x000000070de00000|  0%| F|  |TAMS 0x000000070dc00000, 0x000000070dc00000| Untracked 
|  35|0x000000070de00000, 0x000000070de00000, 0x000000070e000000|  0%| F|  |TAMS 0x000000070de00000, 0x000000070de00000| Untracked 
|  36|0x000000070e000000, 0x000000070e000000, 0x000000070e200000|  0%| F|  |TAMS 0x000000070e000000, 0x000000070e000000| Untracked 
|  37|0x000000070e200000, 0x000000070e200000, 0x000000070e400000|  0%| F|  |TAMS 0x000000070e200000, 0x000000070e200000| Untracked 
|  38|0x000000070e400000, 0x000000070e400000, 0x000000070e600000|  0%| F|  |TAMS 0x000000070e400000, 0x000000070e400000| Untracked 
|  39|0x000000070e600000, 0x000000070e600000, 0x000000070e800000|  0%| F|  |TAMS 0x000000070e600000, 0x000000070e600000| Untracked 
|  40|0x000000070e800000, 0x000000070e800000, 0x000000070ea00000|  0%| F|  |TAMS 0x000000070e800000, 0x000000070e800000| Untracked 
|  41|0x000000070ea00000, 0x000000070ea00000, 0x000000070ec00000|  0%| F|  |TAMS 0x000000070ea00000, 0x000000070ea00000| Untracked 
|  42|0x000000070ec00000, 0x000000070ec00000, 0x000000070ee00000|  0%| F|  |TAMS 0x000000070ec00000, 0x000000070ec00000| Untracked 
|  43|0x000000070ee00000, 0x000000070ee00000, 0x000000070f000000|  0%| F|  |TAMS 0x000000070ee00000, 0x000000070ee00000| Untracked 
|  44|0x000000070f000000, 0x000000070f000000, 0x000000070f200000|  0%| F|  |TAMS 0x000000070f000000, 0x000000070f000000| Untracked 
|  45|0x000000070f200000, 0x000000070f200000, 0x000000070f400000|  0%| F|  |TAMS 0x000000070f200000, 0x000000070f200000| Untracked 
|  46|0x000000070f400000, 0x000000070f400000, 0x000000070f600000|  0%| F|  |TAMS 0x000000070f400000, 0x000000070f400000| Untracked 
|  47|0x000000070f600000, 0x000000070f600000, 0x000000070f800000|  0%| F|  |TAMS 0x000000070f600000, 0x000000070f600000| Untracked 
|  48|0x000000070f800000, 0x000000070f800000, 0x000000070fa00000|  0%| F|  |TAMS 0x000000070f800000, 0x000000070f800000| Untracked 
|  49|0x000000070fa00000, 0x000000070fa00000, 0x000000070fc00000|  0%| F|  |TAMS 0x000000070fa00000, 0x000000070fa00000| Untracked 
|  50|0x000000070fc00000, 0x000000070fc00000, 0x000000070fe00000|  0%| F|  |TAMS 0x000000070fc00000, 0x000000070fc00000| Untracked 
|  51|0x000000070fe00000, 0x000000070fe00000, 0x0000000710000000|  0%| F|  |TAMS 0x000000070fe00000, 0x000000070fe00000| Untracked 
|  52|0x0000000710000000, 0x0000000710000000, 0x0000000710200000|  0%| F|  |TAMS 0x0000000710000000, 0x0000000710000000| Untracked 
|  53|0x0000000710200000, 0x0000000710200000, 0x0000000710400000|  0%| F|  |TAMS 0x0000000710200000, 0x0000000710200000| Untracked 
|  54|0x0000000710400000, 0x0000000710400000, 0x0000000710600000|  0%| F|  |TAMS 0x0000000710400000, 0x0000000710400000| Untracked 
|  55|0x0000000710600000, 0x0000000710600000, 0x0000000710800000|  0%| F|  |TAMS 0x0000000710600000, 0x0000000710600000| Untracked 
|  56|0x0000000710800000, 0x0000000710800000, 0x0000000710a00000|  0%| F|  |TAMS 0x0000000710800000, 0x0000000710800000| Untracked 
|  57|0x0000000710a00000, 0x0000000710a00000, 0x0000000710c00000|  0%| F|  |TAMS 0x0000000710a00000, 0x0000000710a00000| Untracked 
|  58|0x0000000710c00000, 0x0000000710c00000, 0x0000000710e00000|  0%| F|  |TAMS 0x0000000710c00000, 0x0000000710c00000| Untracked 
|  59|0x0000000710e00000, 0x0000000710e00000, 0x0000000711000000|  0%| F|  |TAMS 0x0000000710e00000, 0x0000000710e00000| Untracked 
|  60|0x0000000711000000, 0x0000000711000000, 0x0000000711200000|  0%| F|  |TAMS 0x0000000711000000, 0x0000000711000000| Untracked 
|  61|0x0000000711200000, 0x0000000711200000, 0x0000000711400000|  0%| F|  |TAMS 0x0000000711200000, 0x0000000711200000| Untracked 
|  62|0x0000000711400000, 0x0000000711400000, 0x0000000711600000|  0%| F|  |TAMS 0x0000000711400000, 0x0000000711400000| Untracked 
|  63|0x0000000711600000, 0x0000000711600000, 0x0000000711800000|  0%| F|  |TAMS 0x0000000711600000, 0x0000000711600000| Untracked 
|  64|0x0000000711800000, 0x0000000711800000, 0x0000000711a00000|  0%| F|  |TAMS 0x0000000711800000, 0x0000000711800000| Untracked 
|  65|0x0000000711a00000, 0x0000000711a00000, 0x0000000711c00000|  0%| F|  |TAMS 0x0000000711a00000, 0x0000000711a00000| Untracked 
|  66|0x0000000711c00000, 0x0000000711c00000, 0x0000000711e00000|  0%| F|  |TAMS 0x0000000711c00000, 0x0000000711c00000| Untracked 
|  67|0x0000000711e00000, 0x0000000711e00000, 0x0000000712000000|  0%| F|  |TAMS 0x0000000711e00000, 0x0000000711e00000| Untracked 
|  68|0x0000000712000000, 0x0000000712000000, 0x0000000712200000|  0%| F|  |TAMS 0x0000000712000000, 0x0000000712000000| Untracked 
|  69|0x0000000712200000, 0x0000000712200000, 0x0000000712400000|  0%| F|  |TAMS 0x0000000712200000, 0x0000000712200000| Untracked 
|  70|0x0000000712400000, 0x000000071258f140, 0x0000000712600000| 77%| S|CS|TAMS 0x0000000712400000, 0x0000000712400000| Complete 
|  71|0x0000000712600000, 0x0000000712600000, 0x0000000712800000|  0%| F|  |TAMS 0x0000000712600000, 0x0000000712600000| Untracked 
|  72|0x0000000712800000, 0x0000000712800000, 0x0000000712a00000|  0%| F|  |TAMS 0x0000000712800000, 0x0000000712800000| Untracked 
|  73|0x0000000712a00000, 0x0000000712a00000, 0x0000000712c00000|  0%| F|  |TAMS 0x0000000712a00000, 0x0000000712a00000| Untracked 
|  74|0x0000000712c00000, 0x0000000712e00000, 0x0000000712e00000|100%| S|CS|TAMS 0x0000000712c00000, 0x0000000712c00000| Complete 
|  75|0x0000000712e00000, 0x0000000713000000, 0x0000000713000000|100%| S|CS|TAMS 0x0000000712e00000, 0x0000000712e00000| Complete 
|  76|0x0000000713000000, 0x0000000713200000, 0x0000000713200000|100%| S|CS|TAMS 0x0000000713000000, 0x0000000713000000| Complete 
|  77|0x0000000713200000, 0x0000000713200000, 0x0000000713400000|  0%| F|  |TAMS 0x0000000713200000, 0x0000000713200000| Untracked 
|  78|0x0000000713400000, 0x0000000713400000, 0x0000000713600000|  0%| F|  |TAMS 0x0000000713400000, 0x0000000713400000| Untracked 
|  79|0x0000000713600000, 0x0000000713600000, 0x0000000713800000|  0%| F|  |TAMS 0x0000000713600000, 0x0000000713600000| Untracked 
|  80|0x0000000713800000, 0x0000000713800000, 0x0000000713a00000|  0%| F|  |TAMS 0x0000000713800000, 0x0000000713800000| Untracked 
|  81|0x0000000713a00000, 0x0000000713a00000, 0x0000000713c00000|  0%| F|  |TAMS 0x0000000713a00000, 0x0000000713a00000| Untracked 
|  82|0x0000000713c00000, 0x0000000713c00000, 0x0000000713e00000|  0%| F|  |TAMS 0x0000000713c00000, 0x0000000713c00000| Untracked 
|  83|0x0000000713e00000, 0x0000000713e00000, 0x0000000714000000|  0%| F|  |TAMS 0x0000000713e00000, 0x0000000713e00000| Untracked 
|  84|0x0000000714000000, 0x0000000714000000, 0x0000000714200000|  0%| F|  |TAMS 0x0000000714000000, 0x0000000714000000| Untracked 
|  85|0x0000000714200000, 0x0000000714200000, 0x0000000714400000|  0%| F|  |TAMS 0x0000000714200000, 0x0000000714200000| Untracked 
|  86|0x0000000714400000, 0x0000000714400000, 0x0000000714600000|  0%| F|  |TAMS 0x0000000714400000, 0x0000000714400000| Untracked 
|  87|0x0000000714600000, 0x0000000714600000, 0x0000000714800000|  0%| F|  |TAMS 0x0000000714600000, 0x0000000714600000| Untracked 
|  88|0x0000000714800000, 0x0000000714800000, 0x0000000714a00000|  0%| F|  |TAMS 0x0000000714800000, 0x0000000714800000| Untracked 
|  89|0x0000000714a00000, 0x0000000714a00000, 0x0000000714c00000|  0%| F|  |TAMS 0x0000000714a00000, 0x0000000714a00000| Untracked 
|  90|0x0000000714c00000, 0x0000000714c00000, 0x0000000714e00000|  0%| F|  |TAMS 0x0000000714c00000, 0x0000000714c00000| Untracked 
|  91|0x0000000714e00000, 0x0000000714e00000, 0x0000000715000000|  0%| F|  |TAMS 0x0000000714e00000, 0x0000000714e00000| Untracked 
|  92|0x0000000715000000, 0x0000000715000000, 0x0000000715200000|  0%| F|  |TAMS 0x0000000715000000, 0x0000000715000000| Untracked 
|  93|0x0000000715200000, 0x0000000715200000, 0x0000000715400000|  0%| F|  |TAMS 0x0000000715200000, 0x0000000715200000| Untracked 
|  94|0x0000000715400000, 0x0000000715400000, 0x0000000715600000|  0%| F|  |TAMS 0x0000000715400000, 0x0000000715400000| Untracked 
|  95|0x0000000715600000, 0x0000000715600000, 0x0000000715800000|  0%| F|  |TAMS 0x0000000715600000, 0x0000000715600000| Untracked 
|  96|0x0000000715800000, 0x0000000715800000, 0x0000000715a00000|  0%| F|  |TAMS 0x0000000715800000, 0x0000000715800000| Untracked 
|  97|0x0000000715a00000, 0x0000000715a00000, 0x0000000715c00000|  0%| F|  |TAMS 0x0000000715a00000, 0x0000000715a00000| Untracked 
|  98|0x0000000715c00000, 0x0000000715c00000, 0x0000000715e00000|  0%| F|  |TAMS 0x0000000715c00000, 0x0000000715c00000| Untracked 
|  99|0x0000000715e00000, 0x0000000715e00000, 0x0000000716000000|  0%| F|  |TAMS 0x0000000715e00000, 0x0000000715e00000| Untracked 
| 100|0x0000000716000000, 0x0000000716000000, 0x0000000716200000|  0%| F|  |TAMS 0x0000000716000000, 0x0000000716000000| Untracked 
| 101|0x0000000716200000, 0x0000000716200000, 0x0000000716400000|  0%| F|  |TAMS 0x0000000716200000, 0x0000000716200000| Untracked 
| 102|0x0000000716400000, 0x0000000716400000, 0x0000000716600000|  0%| F|  |TAMS 0x0000000716400000, 0x0000000716400000| Untracked 
| 103|0x0000000716600000, 0x0000000716600000, 0x0000000716800000|  0%| F|  |TAMS 0x0000000716600000, 0x0000000716600000| Untracked 
| 104|0x0000000716800000, 0x0000000716800000, 0x0000000716a00000|  0%| F|  |TAMS 0x0000000716800000, 0x0000000716800000| Untracked 
| 105|0x0000000716a00000, 0x0000000716a00000, 0x0000000716c00000|  0%| F|  |TAMS 0x0000000716a00000, 0x0000000716a00000| Untracked 
| 106|0x0000000716c00000, 0x0000000716c00000, 0x0000000716e00000|  0%| F|  |TAMS 0x0000000716c00000, 0x0000000716c00000| Untracked 
| 107|0x0000000716e00000, 0x0000000716e00000, 0x0000000717000000|  0%| F|  |TAMS 0x0000000716e00000, 0x0000000716e00000| Untracked 
| 108|0x0000000717000000, 0x0000000717000000, 0x0000000717200000|  0%| F|  |TAMS 0x0000000717000000, 0x0000000717000000| Untracked 
| 109|0x0000000717200000, 0x0000000717200000, 0x0000000717400000|  0%| F|  |TAMS 0x0000000717200000, 0x0000000717200000| Untracked 
| 110|0x0000000717400000, 0x0000000717400000, 0x0000000717600000|  0%| F|  |TAMS 0x0000000717400000, 0x0000000717400000| Untracked 
| 111|0x0000000717600000, 0x0000000717600000, 0x0000000717800000|  0%| F|  |TAMS 0x0000000717600000, 0x0000000717600000| Untracked 
| 112|0x0000000717800000, 0x0000000717800000, 0x0000000717a00000|  0%| F|  |TAMS 0x0000000717800000, 0x0000000717800000| Untracked 
| 113|0x0000000717a00000, 0x0000000717a00000, 0x0000000717c00000|  0%| F|  |TAMS 0x0000000717a00000, 0x0000000717a00000| Untracked 
| 114|0x0000000717c00000, 0x0000000717c00000, 0x0000000717e00000|  0%| F|  |TAMS 0x0000000717c00000, 0x0000000717c00000| Untracked 
| 115|0x0000000717e00000, 0x0000000717e00000, 0x0000000718000000|  0%| F|  |TAMS 0x0000000717e00000, 0x0000000717e00000| Untracked 
| 116|0x0000000718000000, 0x0000000718000000, 0x0000000718200000|  0%| F|  |TAMS 0x0000000718000000, 0x0000000718000000| Untracked 
| 117|0x0000000718200000, 0x0000000718200000, 0x0000000718400000|  0%| F|  |TAMS 0x0000000718200000, 0x0000000718200000| Untracked 
| 118|0x0000000718400000, 0x0000000718400000, 0x0000000718600000|  0%| F|  |TAMS 0x0000000718400000, 0x0000000718400000| Untracked 
| 119|0x0000000718600000, 0x0000000718600000, 0x0000000718800000|  0%| F|  |TAMS 0x0000000718600000, 0x0000000718600000| Untracked 
| 120|0x0000000718800000, 0x0000000718800000, 0x0000000718a00000|  0%| F|  |TAMS 0x0000000718800000, 0x0000000718800000| Untracked 
| 121|0x0000000718a00000, 0x0000000718a00000, 0x0000000718c00000|  0%| F|  |TAMS 0x0000000718a00000, 0x0000000718a00000| Untracked 
| 122|0x0000000718c00000, 0x0000000718c00000, 0x0000000718e00000|  0%| F|  |TAMS 0x0000000718c00000, 0x0000000718c00000| Untracked 
| 123|0x0000000718e00000, 0x0000000718e00000, 0x0000000719000000|  0%| F|  |TAMS 0x0000000718e00000, 0x0000000718e00000| Untracked 
| 124|0x0000000719000000, 0x0000000719000000, 0x0000000719200000|  0%| F|  |TAMS 0x0000000719000000, 0x0000000719000000| Untracked 
| 125|0x0000000719200000, 0x0000000719200000, 0x0000000719400000|  0%| F|  |TAMS 0x0000000719200000, 0x0000000719200000| Untracked 
| 126|0x0000000719400000, 0x0000000719400000, 0x0000000719600000|  0%| F|  |TAMS 0x0000000719400000, 0x0000000719400000| Untracked 
| 127|0x0000000719600000, 0x0000000719600000, 0x0000000719800000|  0%| F|  |TAMS 0x0000000719600000, 0x0000000719600000| Untracked 
| 128|0x0000000719800000, 0x0000000719800000, 0x0000000719a00000|  0%| F|  |TAMS 0x0000000719800000, 0x0000000719800000| Untracked 
| 129|0x0000000719a00000, 0x0000000719a00000, 0x0000000719c00000|  0%| F|  |TAMS 0x0000000719a00000, 0x0000000719a00000| Untracked 
| 130|0x0000000719c00000, 0x0000000719c00000, 0x0000000719e00000|  0%| F|  |TAMS 0x0000000719c00000, 0x0000000719c00000| Untracked 
| 131|0x0000000719e00000, 0x0000000719e00000, 0x000000071a000000|  0%| F|  |TAMS 0x0000000719e00000, 0x0000000719e00000| Untracked 
| 132|0x000000071a000000, 0x000000071a000000, 0x000000071a200000|  0%| F|  |TAMS 0x000000071a000000, 0x000000071a000000| Untracked 
| 133|0x000000071a200000, 0x000000071a200000, 0x000000071a400000|  0%| F|  |TAMS 0x000000071a200000, 0x000000071a200000| Untracked 
| 134|0x000000071a400000, 0x000000071a400000, 0x000000071a600000|  0%| F|  |TAMS 0x000000071a400000, 0x000000071a400000| Untracked 
| 135|0x000000071a600000, 0x000000071a600000, 0x000000071a800000|  0%| F|  |TAMS 0x000000071a600000, 0x000000071a600000| Untracked 
| 136|0x000000071a800000, 0x000000071a800000, 0x000000071aa00000|  0%| F|  |TAMS 0x000000071a800000, 0x000000071a800000| Untracked 
| 137|0x000000071aa00000, 0x000000071aa00000, 0x000000071ac00000|  0%| F|  |TAMS 0x000000071aa00000, 0x000000071aa00000| Untracked 
| 138|0x000000071ac00000, 0x000000071ac00000, 0x000000071ae00000|  0%| F|  |TAMS 0x000000071ac00000, 0x000000071ac00000| Untracked 
| 139|0x000000071ae00000, 0x000000071ae00000, 0x000000071b000000|  0%| F|  |TAMS 0x000000071ae00000, 0x000000071ae00000| Untracked 
| 140|0x000000071b000000, 0x000000071b000000, 0x000000071b200000|  0%| F|  |TAMS 0x000000071b000000, 0x000000071b000000| Untracked 
| 141|0x000000071b200000, 0x000000071b200000, 0x000000071b400000|  0%| F|  |TAMS 0x000000071b200000, 0x000000071b200000| Untracked 
| 142|0x000000071b400000, 0x000000071b400000, 0x000000071b600000|  0%| F|  |TAMS 0x000000071b400000, 0x000000071b400000| Untracked 
| 143|0x000000071b600000, 0x000000071b600000, 0x000000071b800000|  0%| F|  |TAMS 0x000000071b600000, 0x000000071b600000| Untracked 
| 144|0x000000071b800000, 0x000000071b800000, 0x000000071ba00000|  0%| F|  |TAMS 0x000000071b800000, 0x000000071b800000| Untracked 
| 145|0x000000071ba00000, 0x000000071ba00000, 0x000000071bc00000|  0%| F|  |TAMS 0x000000071ba00000, 0x000000071ba00000| Untracked 
| 146|0x000000071bc00000, 0x000000071bc00000, 0x000000071be00000|  0%| F|  |TAMS 0x000000071bc00000, 0x000000071bc00000| Untracked 
| 147|0x000000071be00000, 0x000000071be00000, 0x000000071c000000|  0%| F|  |TAMS 0x000000071be00000, 0x000000071be00000| Untracked 
| 148|0x000000071c000000, 0x000000071c000000, 0x000000071c200000|  0%| F|  |TAMS 0x000000071c000000, 0x000000071c000000| Untracked 
| 149|0x000000071c200000, 0x000000071c200000, 0x000000071c400000|  0%| F|  |TAMS 0x000000071c200000, 0x000000071c200000| Untracked 
| 150|0x000000071c400000, 0x000000071c400000, 0x000000071c600000|  0%| F|  |TAMS 0x000000071c400000, 0x000000071c400000| Untracked 
| 151|0x000000071c600000, 0x000000071c600000, 0x000000071c800000|  0%| F|  |TAMS 0x000000071c600000, 0x000000071c600000| Untracked 
| 152|0x000000071c800000, 0x000000071c800000, 0x000000071ca00000|  0%| F|  |TAMS 0x000000071c800000, 0x000000071c800000| Untracked 
| 153|0x000000071ca00000, 0x000000071ca00000, 0x000000071cc00000|  0%| F|  |TAMS 0x000000071ca00000, 0x000000071ca00000| Untracked 
| 154|0x000000071cc00000, 0x000000071cc00000, 0x000000071ce00000|  0%| F|  |TAMS 0x000000071cc00000, 0x000000071cc00000| Untracked 
| 155|0x000000071ce00000, 0x000000071ce00000, 0x000000071d000000|  0%| F|  |TAMS 0x000000071ce00000, 0x000000071ce00000| Untracked 
| 156|0x000000071d000000, 0x000000071d000000, 0x000000071d200000|  0%| F|  |TAMS 0x000000071d000000, 0x000000071d000000| Untracked 
| 157|0x000000071d200000, 0x000000071d200000, 0x000000071d400000|  0%| F|  |TAMS 0x000000071d200000, 0x000000071d200000| Untracked 
| 158|0x000000071d400000, 0x000000071d400000, 0x000000071d600000|  0%| F|  |TAMS 0x000000071d400000, 0x000000071d400000| Untracked 
| 159|0x000000071d600000, 0x000000071d600000, 0x000000071d800000|  0%| F|  |TAMS 0x000000071d600000, 0x000000071d600000| Untracked 
| 160|0x000000071d800000, 0x000000071d800000, 0x000000071da00000|  0%| F|  |TAMS 0x000000071d800000, 0x000000071d800000| Untracked 
| 161|0x000000071da00000, 0x000000071da00000, 0x000000071dc00000|  0%| F|  |TAMS 0x000000071da00000, 0x000000071da00000| Untracked 
| 162|0x000000071dc00000, 0x000000071dc00000, 0x000000071de00000|  0%| F|  |TAMS 0x000000071dc00000, 0x000000071dc00000| Untracked 
| 163|0x000000071de00000, 0x000000071de00000, 0x000000071e000000|  0%| F|  |TAMS 0x000000071de00000, 0x000000071de00000| Untracked 
| 164|0x000000071e000000, 0x000000071e000000, 0x000000071e200000|  0%| F|  |TAMS 0x000000071e000000, 0x000000071e000000| Untracked 
| 165|0x000000071e200000, 0x000000071e200000, 0x000000071e400000|  0%| F|  |TAMS 0x000000071e200000, 0x000000071e200000| Untracked 
| 166|0x000000071e400000, 0x000000071e400000, 0x000000071e600000|  0%| F|  |TAMS 0x000000071e400000, 0x000000071e400000| Untracked 
| 167|0x000000071e600000, 0x000000071e600000, 0x000000071e800000|  0%| F|  |TAMS 0x000000071e600000, 0x000000071e600000| Untracked 
| 168|0x000000071e800000, 0x000000071e800000, 0x000000071ea00000|  0%| F|  |TAMS 0x000000071e800000, 0x000000071e800000| Untracked 
| 169|0x000000071ea00000, 0x000000071ea00000, 0x000000071ec00000|  0%| F|  |TAMS 0x000000071ea00000, 0x000000071ea00000| Untracked 
| 170|0x000000071ec00000, 0x000000071ec00000, 0x000000071ee00000|  0%| F|  |TAMS 0x000000071ec00000, 0x000000071ec00000| Untracked 
| 171|0x000000071ee00000, 0x000000071ee00000, 0x000000071f000000|  0%| F|  |TAMS 0x000000071ee00000, 0x000000071ee00000| Untracked 
| 172|0x000000071f000000, 0x000000071f000000, 0x000000071f200000|  0%| F|  |TAMS 0x000000071f000000, 0x000000071f000000| Untracked 
| 173|0x000000071f200000, 0x000000071f200000, 0x000000071f400000|  0%| F|  |TAMS 0x000000071f200000, 0x000000071f200000| Untracked 
| 174|0x000000071f400000, 0x000000071f400000, 0x000000071f600000|  0%| F|  |TAMS 0x000000071f400000, 0x000000071f400000| Untracked 
| 175|0x000000071f600000, 0x000000071f600000, 0x000000071f800000|  0%| F|  |TAMS 0x000000071f600000, 0x000000071f600000| Untracked 
| 176|0x000000071f800000, 0x000000071f800000, 0x000000071fa00000|  0%| F|  |TAMS 0x000000071f800000, 0x000000071f800000| Untracked 
| 177|0x000000071fa00000, 0x000000071fa00000, 0x000000071fc00000|  0%| F|  |TAMS 0x000000071fa00000, 0x000000071fa00000| Untracked 
| 178|0x000000071fc00000, 0x000000071fc00000, 0x000000071fe00000|  0%| F|  |TAMS 0x000000071fc00000, 0x000000071fc00000| Untracked 

Card table byte_map: [0x000001cfa57b0000,0x000001cfa5f70000] _byte_map_base: 0x000001cfa1f64000

Marking Bits (Prev, Next): (CMBitMap*) 0x000001cf8df269d0, (CMBitMap*) 0x000001cf8df26990
 Prev Bits: [0x000001cfaa4d0000, 0x000001cfae270000)
 Next Bits: [0x000001cfa6730000, 0x000001cfaa4d0000)

Polling page: 0x000001cf8bc60000

Metaspace:

Usage:
  Non-class:     22.03 MB used.
      Class:      2.86 MB used.
       Both:     24.89 MB used.

Virtual space:
  Non-class space:       64.00 MB reserved,      22.12 MB ( 35%) committed,  1 nodes.
      Class space:        1.00 GB reserved,       3.00 MB ( <1%) committed,  1 nodes.
             Both:        1.06 GB reserved,      25.12 MB (  2%) committed. 

Chunk freelists:
   Non-Class:  9.32 MB
       Class:  13.03 MB
        Both:  22.35 MB

MaxMetaspaceSize: unlimited
CompressedClassSpaceSize: 1.00 GB
Initial GC threshold: 21.00 MB
Current GC threshold: 35.25 MB
CDS: on
MetaspaceReclaimPolicy: balanced
 - commit_granule_bytes: 65536.
 - commit_granule_words: 8192.
 - virtual_space_node_default_size: 8388608.
 - enlarge_chunks_in_place: 1.
 - new_chunks_are_fully_committed: 0.
 - uncommit_free_chunks: 1.
 - use_allocation_guard: 0.
 - handle_deallocations: 1.


Internal statistics:

num_allocs_failed_limit: 3.
num_arena_births: 288.
num_arena_deaths: 0.
num_vsnodes_births: 2.
num_vsnodes_deaths: 0.
num_space_committed: 402.
num_space_uncommitted: 0.
num_chunks_returned_to_freelist: 3.
num_chunks_taken_from_freelist: 1139.
num_chunk_merges: 3.
num_chunk_splits: 785.
num_chunks_enlarged: 583.
num_inconsistent_stats: 0.

CodeHeap 'non-profiled nmethods': size=119168Kb used=4935Kb max_used=4935Kb free=114232Kb
 bounds [0x000001cf9d300000, 0x000001cf9d7e0000, 0x000001cfa4760000]
CodeHeap 'profiled nmethods': size=119104Kb used=10381Kb max_used=11881Kb free=108723Kb
 bounds [0x000001cf95760000, 0x000001cf96330000, 0x000001cf9cbb0000]
CodeHeap 'non-nmethods': size=7488Kb used=1248Kb max_used=1320Kb free=6240Kb
 bounds [0x000001cf9cbb0000, 0x000001cf9ce20000, 0x000001cf9d300000]
 total_blobs=5434 nmethods=4875 adapters=470
 compilation: enabled
              stopped_count=0, restarted_count=0
 full_count=0

Compilation events (20 events):
Event: 72.336 Thread 0x000001cfb110ca50 nmethod 5836 0x000001cf95c68090 code [0x000001cf95c68220, 0x000001cf95c683f8]
Event: 72.342 Thread 0x000001cfb110ca50 5838   !   3       org.opentrafficsim.core.gtu.Gtu::getAcceleration (190 bytes)
Event: 72.343 Thread 0x000001cfb110ca50 nmethod 5838 0x000001cf95763390 code [0x000001cf957636e0, 0x000001cf95764e98]
Event: 72.350 Thread 0x000001cfb110ca50 5839   !   3       org.opentrafficsim.core.gtu.Gtu::move (558 bytes)
Event: 72.353 Thread 0x000001cfb110ca50 nmethod 5839 0x000001cf960a1410 code [0x000001cf960a1c20, 0x000001cf960a76c8]
Event: 72.353 Thread 0x000001cfb110ca50 5841       3       org.opentrafficsim.core.gtu.plan.operational.Segments::off (17 bytes)
Event: 72.354 Thread 0x000001cfb110ca50 nmethod 5841 0x000001cf95998390 code [0x000001cf95998580, 0x000001cf95998aa8]
Event: 72.383 Thread 0x000001cfb110ca50 5845       3       org.opentrafficsim.core.gtu.plan.operational.Segments::add (107 bytes)
Event: 72.384 Thread 0x000001cfb110ca50 nmethod 5845 0x000001cf95f8bb90 code [0x000001cf95f8be20, 0x000001cf95f8cce8]
Event: 72.394 Thread 0x000001cfb110ca50 5846   !   3       org.djutils.exceptions.Try::assign (39 bytes)
Event: 72.394 Thread 0x000001cfb110ca50 nmethod 5846 0x000001cf95b44d90 code [0x000001cf95b44fc0, 0x000001cf95b459c8]
Event: 72.434 Thread 0x000001cfb110ca50 5849       2       org.djunits.value.vdouble.scalar.base.DoubleScalarRel::minus (86 bytes)
Event: 72.435 Thread 0x000001cfb110ca50 nmethod 5849 0x000001cf95f64f90 code [0x000001cf95f65200, 0x000001cf95f65958]
Event: 73.274 Thread 0x000001cfb110ca50 5854   !   3       org.opentrafficsim.road.gtu.lane.plan.operational.LaneOperationalPlanBuilder::buildPlanFromSimplePlan (174 bytes)
Event: 73.276 Thread 0x000001cfb110ca50 nmethod 5854 0x000001cf95ef9390 code [0x000001cf95ef9740, 0x000001cf95efafe8]
Event: 73.324 Thread 0x000001cfb110ca50 5855       3       java.lang.StrictMath::floorOrCeil (128 bytes)
Event: 73.325 Thread 0x000001cfb110ca50 nmethod 5855 0x000001cf957d5c90 code [0x000001cf957d5e60, 0x000001cf957d62f8]
Event: 73.347 Thread 0x000001cfb110ca50 5857       3       jdk.internal.math.FloatingDecimal$BinaryToASCIIBuffer::dtoa (1509 bytes)
Event: 73.373 Thread 0x000001cfb110ca50 nmethod 5857 0x000001cf95fb9510 code [0x000001cf95fb9980, 0x000001cf95fbc138]
Event: 74.160 Thread 0x000001cfb110ca50 5865       2       org.opentrafficsim.road.gtu.lane.perception.RollingLaneStructureRecord::clearNextList (10 bytes)

GC Heap History (20 events):
Event: 62.450 GC heap after
{Heap after GC invocations=23 (full 0):
 garbage-first heap   total 305152K, used 26937K [0x0000000709800000, 0x0000000800000000)
  region size 2048K, 4 young (8192K), 4 survivors (8192K)
 Metaspace       used 25427K, committed 25664K, reserved 1114112K
  class space    used 2931K, committed 3072K, reserved 1048576K
}
Event: 63.275 GC heap before
{Heap before GC invocations=23 (full 0):
 garbage-first heap   total 305152K, used 201017K [0x0000000709800000, 0x0000000800000000)
  region size 2048K, 89 young (182272K), 4 survivors (8192K)
 Metaspace       used 25433K, committed 25728K, reserved 1114112K
  class space    used 2931K, committed 3072K, reserved 1048576K
}
Event: 63.291 GC heap after
{Heap after GC invocations=24 (full 0):
 garbage-first heap   total 305152K, used 26157K [0x0000000709800000, 0x0000000800000000)
  region size 2048K, 4 young (8192K), 4 survivors (8192K)
 Metaspace       used 25433K, committed 25728K, reserved 1114112K
  class space    used 2931K, committed 3072K, reserved 1048576K
}
Event: 64.036 GC heap before
{Heap before GC invocations=24 (full 0):
 garbage-first heap   total 305152K, used 200237K [0x0000000709800000, 0x0000000800000000)
  region size 2048K, 89 young (182272K), 4 survivors (8192K)
 Metaspace       used 25465K, committed 25728K, reserved 1114112K
  class space    used 2931K, committed 3072K, reserved 1048576K
}
Event: 64.063 GC heap after
{Heap after GC invocations=25 (full 0):
 garbage-first heap   total 305152K, used 25208K [0x0000000709800000, 0x0000000800000000)
  region size 2048K, 3 young (6144K), 3 survivors (6144K)
 Metaspace       used 25465K, committed 25728K, reserved 1114112K
  class space    used 2931K, committed 3072K, reserved 1048576K
}
Event: 64.804 GC heap before
{Heap before GC invocations=25 (full 0):
 garbage-first heap   total 305152K, used 201336K [0x0000000709800000, 0x0000000800000000)
  region size 2048K, 89 young (182272K), 3 survivors (6144K)
 Metaspace       used 25466K, committed 25728K, reserved 1114112K
  class space    used 2931K, committed 3072K, reserved 1048576K
}
Event: 64.813 GC heap after
{Heap after GC invocations=26 (full 0):
 garbage-first heap   total 305152K, used 26826K [0x0000000709800000, 0x0000000800000000)
  region size 2048K, 4 young (8192K), 4 survivors (8192K)
 Metaspace       used 25466K, committed 25728K, reserved 1114112K
  class space    used 2931K, committed 3072K, reserved 1048576K
}
Event: 65.171 GC heap before
{Heap before GC invocations=26 (full 0):
 garbage-first heap   total 305152K, used 200906K [0x0000000709800000, 0x0000000800000000)
  region size 2048K, 89 young (182272K), 4 survivors (8192K)
 Metaspace       used 25467K, committed 25728K, reserved 1114112K
  class space    used 2931K, committed 3072K, reserved 1048576K
}
Event: 65.174 GC heap after
{Heap after GC invocations=27 (full 0):
 garbage-first heap   total 366592K, used 25610K [0x0000000709800000, 0x0000000800000000)
  region size 2048K, 3 young (6144K), 3 survivors (6144K)
 Metaspace       used 25467K, committed 25728K, reserved 1114112K
  class space    used 2931K, committed 3072K, reserved 1048576K
}
Event: 68.979 GC heap before
{Heap before GC invocations=27 (full 0):
 garbage-first heap   total 366592K, used 238602K [0x0000000709800000, 0x0000000800000000)
  region size 2048K, 107 young (219136K), 3 survivors (6144K)
 Metaspace       used 25471K, committed 25728K, reserved 1114112K
  class space    used 2932K, committed 3072K, reserved 1048576K
}
Event: 69.174 GC heap after
{Heap after GC invocations=28 (full 0):
 garbage-first heap   total 366592K, used 28057K [0x0000000709800000, 0x0000000800000000)
  region size 2048K, 4 young (8192K), 4 survivors (8192K)
 Metaspace       used 25471K, committed 25728K, reserved 1114112K
  class space    used 2932K, committed 3072K, reserved 1048576K
}
Event: 69.765 GC heap before
{Heap before GC invocations=28 (full 0):
 garbage-first heap   total 366592K, used 239001K [0x0000000709800000, 0x0000000800000000)
  region size 2048K, 107 young (219136K), 4 survivors (8192K)
 Metaspace       used 25473K, committed 25728K, reserved 1114112K
  class space    used 2932K, committed 3072K, reserved 1048576K
}
Event: 69.805 GC heap after
{Heap after GC invocations=29 (full 0):
 garbage-first heap   total 366592K, used 27170K [0x0000000709800000, 0x0000000800000000)
  region size 2048K, 4 young (8192K), 4 survivors (8192K)
 Metaspace       used 25473K, committed 25728K, reserved 1114112K
  class space    used 2932K, committed 3072K, reserved 1048576K
}
Event: 70.611 GC heap before
{Heap before GC invocations=29 (full 0):
 garbage-first heap   total 366592K, used 238114K [0x0000000709800000, 0x0000000800000000)
  region size 2048K, 107 young (219136K), 4 survivors (8192K)
 Metaspace       used 25474K, committed 25728K, reserved 1114112K
  class space    used 2932K, committed 3072K, reserved 1048576K
}
Event: 70.721 GC heap after
{Heap after GC invocations=30 (full 0):
 garbage-first heap   total 366592K, used 29268K [0x0000000709800000, 0x0000000800000000)
  region size 2048K, 5 young (10240K), 5 survivors (10240K)
 Metaspace       used 25474K, committed 25728K, reserved 1114112K
  class space    used 2932K, committed 3072K, reserved 1048576K
}
Event: 72.186 GC heap before
{Heap before GC invocations=30 (full 0):
 garbage-first heap   total 366592K, used 238164K [0x0000000709800000, 0x0000000800000000)
  region size 2048K, 107 young (219136K), 5 survivors (10240K)
 Metaspace       used 25479K, committed 25728K, reserved 1114112K
  class space    used 2932K, committed 3072K, reserved 1048576K
}
Event: 72.193 GC heap after
{Heap after GC invocations=31 (full 0):
 garbage-first heap   total 366592K, used 28165K [0x0000000709800000, 0x0000000800000000)
  region size 2048K, 4 young (8192K), 4 survivors (8192K)
 Metaspace       used 25479K, committed 25728K, reserved 1114112K
  class space    used 2932K, committed 3072K, reserved 1048576K
}
Event: 73.163 GC heap before
{Heap before GC invocations=31 (full 0):
 garbage-first heap   total 366592K, used 239109K [0x0000000709800000, 0x0000000800000000)
  region size 2048K, 107 young (219136K), 4 survivors (8192K)
 Metaspace       used 25487K, committed 25728K, reserved 1114112K
  class space    used 2932K, committed 3072K, reserved 1048576K
}
Event: 73.261 GC heap after
{Heap after GC invocations=32 (full 0):
 garbage-first heap   total 366592K, used 30326K [0x0000000709800000, 0x0000000800000000)
  region size 2048K, 5 young (10240K), 5 survivors (10240K)
 Metaspace       used 25487K, committed 25728K, reserved 1114112K
  class space    used 2932K, committed 3072K, reserved 1048576K
}
Event: 74.284 GC heap before
{Heap before GC invocations=32 (full 0):
 garbage-first heap   total 366592K, used 239222K [0x0000000709800000, 0x0000000800000000)
  region size 2048K, 107 young (219136K), 5 survivors (10240K)
 Metaspace       used 25487K, committed 25728K, reserved 1114112K
  class space    used 2932K, committed 3072K, reserved 1048576K
}

Deoptimization events (20 events):
Event: 72.371 Thread 0x000001cff7446c90 Uncommon trap: trap_request=0xffffffc6 fr.pc=0x000001cf9d49af60 relative=0x0000000000000840
Event: 72.371 Thread 0x000001cff7446c90 Uncommon trap: reason=bimorphic_or_optimized_type_check action=maybe_recompile pc=0x000001cf9d49af60 method=org.djunits.value.vdouble.scalar.base.DoubleScalarRel.minus(Lorg/djunits/value/vdouble/scalar/base/DoubleScalarRel;)Lorg/djunits/value/vdouble/scal
Event: 72.371 Thread 0x000001cff7446c90 DEOPT PACKING pc=0x000001cf9d49af60 sp=0x00000074484fec10
Event: 72.371 Thread 0x000001cff7446c90 DEOPT UNPACKING pc=0x000001cf9cc023a3 sp=0x00000074484febe8 mode 2
Event: 72.434 Thread 0x000001cff7446c90 Uncommon trap: trap_request=0xffffffc6 fr.pc=0x000001cf9d49af60 relative=0x0000000000000840
Event: 72.434 Thread 0x000001cff7446c90 Uncommon trap: reason=bimorphic_or_optimized_type_check action=maybe_recompile pc=0x000001cf9d49af60 method=org.djunits.value.vdouble.scalar.base.DoubleScalarRel.minus(Lorg/djunits/value/vdouble/scalar/base/DoubleScalarRel;)Lorg/djunits/value/vdouble/scal
Event: 72.434 Thread 0x000001cff7446c90 DEOPT PACKING pc=0x000001cf9d49af60 sp=0x00000074484febf0
Event: 72.434 Thread 0x000001cff7446c90 DEOPT UNPACKING pc=0x000001cf9cc023a3 sp=0x00000074484febb8 mode 2
Event: 73.268 Thread 0x000001cff7446c90 Uncommon trap: trap_request=0xffffff45 fr.pc=0x000001cf9d7453cc relative=0x000000000000140c
Event: 73.268 Thread 0x000001cff7446c90 Uncommon trap: reason=unstable_if action=reinterpret pc=0x000001cf9d7453cc method=org.opentrafficsim.road.gtu.lane.plan.operational.LaneOperationalPlanBuilder.buildPlanFromSimplePlan(Lorg/opentrafficsim/road/gtu/lane/LaneBasedGtu;Lorg/djunits/value/vdoubl
Event: 73.268 Thread 0x000001cff7446c90 DEOPT PACKING pc=0x000001cf9d7453cc sp=0x00000074484fefe0
Event: 73.268 Thread 0x000001cff7446c90 DEOPT UNPACKING pc=0x000001cf9cc023a3 sp=0x00000074484fefe0 mode 2
Event: 73.311 Thread 0x000001cff7446c90 Uncommon trap: trap_request=0xffffff3d fr.pc=0x000001cf9d7210c0 relative=0x00000000000000a0
Event: 73.311 Thread 0x000001cff7446c90 Uncommon trap: reason=unstable_fused_if action=reinterpret pc=0x000001cf9d7210c0 method=java.lang.StrictMath.floorOrCeil(DDDD)D @ 8 c2
Event: 73.311 Thread 0x000001cff7446c90 DEOPT PACKING pc=0x000001cf9d7210c0 sp=0x00000074484fe930
Event: 73.311 Thread 0x000001cff7446c90 DEOPT UNPACKING pc=0x000001cf9cc023a3 sp=0x00000074484fe868 mode 2
Event: 73.347 Thread 0x000001cff7446c90 Uncommon trap: trap_request=0xffffff45 fr.pc=0x000001cf9d6f442c relative=0x000000000000128c
Event: 73.347 Thread 0x000001cff7446c90 Uncommon trap: reason=unstable_if action=reinterpret pc=0x000001cf9d6f442c method=jdk.internal.math.FloatingDecimal$BinaryToASCIIBuffer.dtoa(IJIZ)V @ 978 c2
Event: 73.347 Thread 0x000001cff7446c90 DEOPT PACKING pc=0x000001cf9d6f442c sp=0x00000074484fef00
Event: 73.347 Thread 0x000001cff7446c90 DEOPT UNPACKING pc=0x000001cf9cc023a3 sp=0x00000074484fee08 mode 2

Classes unloaded (0 events):
No events

Classes redefined (0 events):
No events

Internal exceptions (20 events):
Event: 20.167 Thread 0x000001cf8debcc10 Exception <a 'java/lang/ClassNotFoundException'{0x0000000716e4a0e0}: sun/awt/resources/spi/awtProvider> (0x0000000716e4a0e0) 
thrown [s\open\src\hotspot\share\classfile\systemDictionary.cpp, line 256]
Event: 20.256 Thread 0x000001cf8debcc10 Exception <a 'java/io/FileNotFoundException'{0x0000000716e4cef0}> (0x0000000716e4cef0) 
thrown [s\open\src\hotspot\share\prims\jni.cpp, line 516]
Event: 20.257 Thread 0x000001cf8debcc10 Exception <a 'java/io/FileNotFoundException'{0x0000000716e4e440}> (0x0000000716e4e440) 
thrown [s\open\src\hotspot\share\prims\jni.cpp, line 516]
Event: 20.515 Thread 0x000001cf8debcc10 Exception <a 'java/lang/NoSuchMethodError'{0x0000000716f6f3f0}: 'java.lang.Object java.lang.invoke.DirectMethodHandle$Holder.invokeSpecial(java.lang.Object, java.lang.Object, double, double)'> (0x0000000716f6f3f0) 
thrown [s\open\src\hotspot\share\interpreter\linkResolver.cpp, line 759]
Event: 20.599 Thread 0x000001cf8debcc10 Exception <a 'java/lang/NoSuchMethodError'{0x0000000716d31178}: 'java.lang.Object java.lang.invoke.DirectMethodHandle$Holder.newInvokeSpecial(java.lang.Object, java.lang.Object, double, double)'> (0x0000000716d31178) 
thrown [s\open\src\hotspot\share\interpreter\linkResolver.cpp, line 759]
Event: 20.959 Thread 0x000001cf8debcc10 Exception <a 'java/lang/NoSuchMethodError'{0x0000000716d9acf8}: 'java.lang.Object java.lang.invoke.DirectMethodHandle$Holder.invokeStaticInit(java.lang.Object, int, int, int, int)'> (0x0000000716d9acf8) 
thrown [s\open\src\hotspot\share\interpreter\linkResolver.cpp, line 759]
Event: 22.078 Thread 0x000001cf8debcc10 Exception <a 'java/lang/NoSuchMethodError'{0x0000000716debda0}: 'java.lang.Object java.lang.invoke.DirectMethodHandle$Holder.invokeStaticInit(java.lang.Object, java.lang.Object, int, int, int, int)'> (0x0000000716debda0) 
thrown [s\open\src\hotspot\share\interpreter\linkResolver.cpp, line 759]
Event: 22.451 Thread 0x000001cf8debcc10 Exception <a 'java/lang/NoSuchMethodError'{0x0000000718e0f000}: 'void java.lang.invoke.DirectMethodHandle$Holder.invokeStatic(java.lang.Object, java.lang.Object, java.lang.Object)'> (0x0000000718e0f000) 
thrown [s\open\src\hotspot\share\interpreter\linkResolver.cpp, line 759]
Event: 22.579 Thread 0x000001cf8debcc10 Exception <a 'java/lang/NoSuchMethodError'{0x000000070dccc160}: 'java.lang.Object java.lang.invoke.Invokers$Holder.invokeExact_MT(java.lang.Object, java.lang.Object, java.lang.Object, java.lang.Object, java.lang.Object, java.lang.Object)'> (0x000000070dccc160) 
thrown [s\open\src\hotspot\share\interpreter\linkResolver.cpp, line 759]
Event: 24.790 Thread 0x000001cff7446c90 Exception <a 'java/lang/InterruptedException'{0x000000070d600000}> (0x000000070d600000) 
thrown [s\open\src\hotspot\share\runtime\objectMonitor.cpp, line 1671]
Event: 25.957 Thread 0x000001cff7446c90 Implicit null exception at 0x000001cf9d36c75f to 0x000001cf9d36c81c
Event: 26.245 Thread 0x000001cff7446c90 Exception <a 'java/lang/NoSuchMethodError'{0x000000070d5056c8}: 'java.lang.Object java.lang.invoke.DirectMethodHandle$Holder.invokeSpecial(java.lang.Object, java.lang.Object, java.lang.Object, java.lang.Object, int)'> (0x000000070d5056c8) 
thrown [s\open\src\hotspot\share\interpreter\linkResolver.cpp, line 759]
Event: 26.246 Thread 0x000001cff7446c90 Exception <a 'java/lang/NoSuchMethodError'{0x000000070d50d7f0}: 'java.lang.Object java.lang.invoke.DirectMethodHandle$Holder.newInvokeSpecial(java.lang.Object, java.lang.Object, java.lang.Object, java.lang.Object, int)'> (0x000000070d50d7f0) 
thrown [s\open\src\hotspot\share\interpreter\linkResolver.cpp, line 759]
Event: 26.246 Thread 0x000001cff7446c90 Exception <a 'java/lang/NoSuchMethodError'{0x000000070d511b28}: 'java.lang.Object java.lang.invoke.DirectMethodHandle$Holder.invokeSpecial(java.lang.Object, java.lang.Object, java.lang.Object, java.lang.Object, java.lang.Object, int)'> (0x000000070d511b28) 
thrown [s\open\src\hotspot\share\interpreter\linkResolver.cpp, line 759]
Event: 26.247 Thread 0x000001cff7446c90 Exception <a 'java/lang/NoSuchMethodError'{0x000000070d515810}: 'java.lang.Object java.lang.invoke.Invokers$Holder.linkToTargetMethod(java.lang.Object, java.lang.Object, java.lang.Object, int, java.lang.Object)'> (0x000000070d515810) 
thrown [s\open\src\hotspot\share\interpreter\linkResolver.cpp, line 759]
Event: 26.824 Thread 0x000001cff7446c90 Exception <a 'java/lang/NoSuchMethodError'{0x000000070d230010}: 'java.lang.Object java.lang.invoke.DirectMethodHandle$Holder.newInvokeSpecial(java.lang.Object, java.lang.Object, double)'> (0x000000070d230010) 
thrown [s\open\src\hotspot\share\interpreter\linkResolver.cpp, line 759]
Event: 26.839 Thread 0x000001cff7446c90 Exception <a 'java/lang/NoSuchMethodError'{0x000000070d234180}: 'java.lang.Object java.lang.invoke.DirectMethodHandle$Holder.invokeSpecial(java.lang.Object, java.lang.Object, java.lang.Object, double)'> (0x000000070d234180) 
thrown [s\open\src\hotspot\share\interpreter\linkResolver.cpp, line 759]
Event: 27.088 Thread 0x000001cff7446c90 Exception <a 'java/lang/NoSuchMethodError'{0x000000070d3af290}: 'void java.lang.invoke.DirectMethodHandle$Holder.invokeStatic(java.lang.Object, java.lang.Object, java.lang.Object, java.lang.Object)'> (0x000000070d3af290) 
thrown [s\open\src\hotspot\share\interpreter\linkResolver.cpp, line 759]
Event: 48.884 Thread 0x000001cfb13fa0b0 Implicit null exception at 0x000001cf9d4e8af9 to 0x000001cf9d4e8f68
Event: 48.884 Thread 0x000001cfb13fa0b0 Implicit null exception at 0x000001cf9d517850 to 0x000001cf9d517c76

VM Operations (20 events):
Event: 64.813 Executing VM operation: G1CollectForAllocation done
Event: 65.171 Executing VM operation: G1CollectForAllocation
Event: 65.174 Executing VM operation: G1CollectForAllocation done
Event: 66.179 Executing VM operation: Cleanup
Event: 66.210 Executing VM operation: Cleanup done
Event: 67.212 Executing VM operation: Cleanup
Event: 67.259 Executing VM operation: Cleanup done
Event: 68.265 Executing VM operation: Cleanup
Event: 68.296 Executing VM operation: Cleanup done
Event: 68.979 Executing VM operation: G1CollectForAllocation
Event: 69.174 Executing VM operation: G1CollectForAllocation done
Event: 69.765 Executing VM operation: G1CollectForAllocation
Event: 69.805 Executing VM operation: G1CollectForAllocation done
Event: 70.611 Executing VM operation: G1CollectForAllocation
Event: 70.721 Executing VM operation: G1CollectForAllocation done
Event: 72.185 Executing VM operation: G1CollectForAllocation
Event: 72.193 Executing VM operation: G1CollectForAllocation done
Event: 73.163 Executing VM operation: G1CollectForAllocation
Event: 73.261 Executing VM operation: G1CollectForAllocation done
Event: 74.193 Executing VM operation: G1CollectForAllocation

Events (20 events):
Event: 51.313 Thread 0x000001cfb110ef80 flushing nmethod 0x000001cf9621e910
Event: 51.313 Thread 0x000001cfb110ef80 flushing nmethod 0x000001cf96246410
Event: 51.313 Thread 0x000001cfb110ef80 flushing nmethod 0x000001cf9624af10
Event: 51.313 Thread 0x000001cfb110ef80 flushing nmethod 0x000001cf96262690
Event: 51.313 Thread 0x000001cfb110ef80 flushing nmethod 0x000001cf9626a210
Event: 51.313 Thread 0x000001cfb110ef80 flushing nmethod 0x000001cf96285910
Event: 51.313 Thread 0x000001cfb110ef80 flushing nmethod 0x000001cf962b3c10
Event: 51.313 Thread 0x000001cfb110ef80 flushing nmethod 0x000001cf962b4b10
Event: 51.313 Thread 0x000001cfb110ef80 flushing nmethod 0x000001cf962b5010
Event: 51.313 Thread 0x000001cfb110ef80 flushing nmethod 0x000001cf962dca90
Event: 51.313 Thread 0x000001cfb110ef80 flushing nmethod 0x000001cf962dcf90
Event: 51.313 Thread 0x000001cfb110ef80 flushing nmethod 0x000001cf962e6a10
Event: 60.513 Thread 0x000001cfb13fc420 Thread added: 0x000001cfb13fc420
Event: 60.522 Thread 0x000001cfb13fc420 Thread exited: 0x000001cfb13fc420
Event: 63.769 Thread 0x000001cfb110ef80 flushing nmethod 0x000001cf96005310
Event: 65.143 Thread 0x000001cfb13fa0b0 Thread added: 0x000001cfb13fa0b0
Event: 65.159 Thread 0x000001cfb13fa0b0 Thread exited: 0x000001cfb13fa0b0
Event: 67.774 Thread 0x000001cff701ea80 Thread exited: 0x000001cff701ea80
Event: 73.419 Thread 0x000001cfb13fc420 Thread added: 0x000001cfb13fc420
Event: 73.427 Thread 0x000001cfb13fc420 Thread exited: 0x000001cfb13fc420


Dynamic libraries:
0x00007ff660020000 - 0x00007ff660030000 	C:\Program Files\Java\jdk-17\bin\java.exe
0x00007ffcf5bb0000 - 0x00007ffcf5dc7000 	C:\WINDOWS\SYSTEM32\ntdll.dll
0x00007ffcf5290000 - 0x00007ffcf5354000 	C:\WINDOWS\System32\KERNEL32.DLL
0x00007ffcf32c0000 - 0x00007ffcf3667000 	C:\WINDOWS\System32\KERNELBASE.dll
0x00007ffcf37c0000 - 0x00007ffcf38d1000 	C:\WINDOWS\System32\ucrtbase.dll
0x00007ffcbe200000 - 0x00007ffcbe219000 	C:\Program Files\Java\jdk-17\bin\jli.dll
0x00007ffcbe630000 - 0x00007ffcbe64b000 	C:\Program Files\Java\jdk-17\bin\VCRUNTIME140.dll
0x00007ffcf5800000 - 0x00007ffcf58b2000 	C:\WINDOWS\System32\ADVAPI32.dll
0x00007ffcf5ac0000 - 0x00007ffcf5b67000 	C:\WINDOWS\System32\msvcrt.dll
0x00007ffcf5520000 - 0x00007ffcf55c8000 	C:\WINDOWS\System32\sechost.dll
0x00007ffcf3710000 - 0x00007ffcf3738000 	C:\WINDOWS\System32\bcrypt.dll
0x00007ffcf56e0000 - 0x00007ffcf57f5000 	C:\WINDOWS\System32\RPCRT4.dll
0x00007ffcf4d00000 - 0x00007ffcf4eae000 	C:\WINDOWS\System32\USER32.dll
0x00007ffce8570000 - 0x00007ffce8803000 	C:\WINDOWS\WinSxS\amd64_microsoft.windows.common-controls_6595b64144ccf1df_6.0.22621.3527_none_270e469b73872a76\COMCTL32.dll
0x00007ffcf36e0000 - 0x00007ffcf3706000 	C:\WINDOWS\System32\win32u.dll
0x00007ffcf5010000 - 0x00007ffcf5039000 	C:\WINDOWS\System32\GDI32.dll
0x00007ffcf3030000 - 0x00007ffcf3149000 	C:\WINDOWS\System32\gdi32full.dll
0x00007ffcf2ed0000 - 0x00007ffcf2f6a000 	C:\WINDOWS\System32\msvcp_win.dll
0x00007ffceba90000 - 0x00007ffceba9a000 	C:\WINDOWS\SYSTEM32\VERSION.dll
0x00007ffcf4140000 - 0x00007ffcf4171000 	C:\WINDOWS\System32\IMM32.DLL
0x00007ffcdfb70000 - 0x00007ffcdfb7c000 	C:\Program Files\Java\jdk-17\bin\vcruntime140_1.dll
0x00007ffcb37e0000 - 0x00007ffcb386e000 	C:\Program Files\Java\jdk-17\bin\msvcp140.dll
0x00007ffc8e940000 - 0x00007ffc8f51f000 	C:\Program Files\Java\jdk-17\bin\server\jvm.dll
0x00007ffcf55d0000 - 0x00007ffcf55d8000 	C:\WINDOWS\System32\PSAPI.DLL
0x00007ffceca40000 - 0x00007ffceca74000 	C:\WINDOWS\SYSTEM32\WINMM.dll
0x00007ffce5530000 - 0x00007ffce5539000 	C:\WINDOWS\SYSTEM32\WSOCK32.dll
0x00007ffcf5640000 - 0x00007ffcf56b1000 	C:\WINDOWS\System32\WS2_32.dll
0x00007ffcf1eb0000 - 0x00007ffcf1ec8000 	C:\WINDOWS\SYSTEM32\kernel.appcore.dll
0x00007ffcdf8c0000 - 0x00007ffcdf8ca000 	C:\Program Files\Java\jdk-17\bin\jimage.dll
0x00007ffcf0a00000 - 0x00007ffcf0c32000 	C:\WINDOWS\SYSTEM32\DBGHELP.DLL
0x00007ffcf38e0000 - 0x00007ffcf3c68000 	C:\WINDOWS\System32\combase.dll
0x00007ffcf59c0000 - 0x00007ffcf5a97000 	C:\WINDOWS\System32\OLEAUT32.dll
0x00007ffce2a50000 - 0x00007ffce2a82000 	C:\WINDOWS\SYSTEM32\dbgcore.DLL
0x00007ffcf3740000 - 0x00007ffcf37b9000 	C:\WINDOWS\System32\bcryptPrimitives.dll
0x00007ffcb37b0000 - 0x00007ffcb37d5000 	C:\Program Files\Java\jdk-17\bin\java.dll
0x00007ffcb36d0000 - 0x00007ffcb37a7000 	C:\Program Files\Java\jdk-17\bin\jsvml.dll
0x00007ffcf43c0000 - 0x00007ffcf4c1c000 	C:\WINDOWS\System32\SHELL32.dll
0x00007ffcf0dc0000 - 0x00007ffcf16b6000 	C:\WINDOWS\SYSTEM32\windows.storage.dll
0x00007ffcf0c80000 - 0x00007ffcf0dbe000 	C:\WINDOWS\SYSTEM32\wintypes.dll
0x00007ffcf42b0000 - 0x00007ffcf43a5000 	C:\WINDOWS\System32\SHCORE.dll
0x00007ffcf55e0000 - 0x00007ffcf563e000 	C:\WINDOWS\System32\shlwapi.dll
0x00007ffcf2e00000 - 0x00007ffcf2e21000 	C:\WINDOWS\SYSTEM32\profapi.dll
0x00007ffcbd200000 - 0x00007ffcbd219000 	C:\Program Files\Java\jdk-17\bin\net.dll
0x00007ffcee650000 - 0x00007ffcee786000 	C:\WINDOWS\SYSTEM32\WINHTTP.dll
0x00007ffcf2310000 - 0x00007ffcf2379000 	C:\WINDOWS\system32\mswsock.dll
0x00007ffcbc260000 - 0x00007ffcbc276000 	C:\Program Files\Java\jdk-17\bin\nio.dll
0x00007ffcbb670000 - 0x00007ffcbb688000 	C:\Program Files\Java\jdk-17\bin\zip.dll
0x00007ffcdd420000 - 0x00007ffcdd430000 	C:\Program Files\Java\jdk-17\bin\verify.dll
0x00007ffc99920000 - 0x00007ffc99ab1000 	C:\Program Files\Java\jdk-17\bin\awt.dll
0x00007ffceb830000 - 0x00007ffceb8c7000 	C:\WINDOWS\SYSTEM32\apphelp.dll
0x00007ffcf2520000 - 0x00007ffcf253b000 	C:\WINDOWS\SYSTEM32\CRYPTSP.dll
0x00007ffcf1e10000 - 0x00007ffcf1e45000 	C:\WINDOWS\system32\rsaenh.dll
0x00007ffcf23c0000 - 0x00007ffcf23e8000 	C:\WINDOWS\SYSTEM32\USERENV.dll
0x00007ffcf2540000 - 0x00007ffcf254c000 	C:\WINDOWS\SYSTEM32\CRYPTBASE.dll
0x00007ffcf1920000 - 0x00007ffcf194d000 	C:\WINDOWS\SYSTEM32\IPHLPAPI.DLL
0x00007ffcf4230000 - 0x00007ffcf4239000 	C:\WINDOWS\System32\NSI.dll
0x00007ffcedbc0000 - 0x00007ffcedbd9000 	C:\WINDOWS\SYSTEM32\dhcpcsvc6.DLL
0x00007ffcedae0000 - 0x00007ffcedaff000 	C:\WINDOWS\SYSTEM32\dhcpcsvc.DLL
0x00007ffcf1950000 - 0x00007ffcf1a48000 	C:\WINDOWS\SYSTEM32\DNSAPI.dll

dbghelp: loaded successfully - version: 4.0.5 - missing functions: none
symbol engine: initialized successfully - sym options: 0x614 - pdb path: .;C:\Program Files\Java\jdk-17\bin;C:\WINDOWS\SYSTEM32;C:\WINDOWS\WinSxS\amd64_microsoft.windows.common-controls_6595b64144ccf1df_6.0.22621.3527_none_270e469b73872a76;C:\Program Files\Java\jdk-17\bin\server

VM Arguments:
jvm_args: --add-modules=ALL-DEFAULT 
java_command: jdk.compiler/com.sun.tools.javac.launcher.Main RunVehicleAutomationModel.java -headless=true -seed=0 -simTime=14400 -avFraction=0.1338466888971908 -mainDemand=3102.510693472233 -rampDemand=1692.700517217943
java_class_path (initial): C:\Users\jesse\.m2\repository\org\opentrafficsim\ots-road\1.7.4\ots-road-1.7.4.jar;C:\Users\jesse\.m2\repository\org\opentrafficsim\ots-core\1.7.4\ots-core-1.7.4.jar;C:\Users\jesse\.m2\repository\org\djunits\djunits\5.1.2\djunits-5.1.2.jar;C:\Users\jesse\.m2\repository\jakarta\annotation\jakarta.annotation-api\2.1.1\jakarta.annotation-api-2.1.1.jar;C:\Users\jesse\.m2\repository\org\opentrafficsim\ots-base\1.7.4\ots-base-1.7.4.jar;C:\Users\jesse\.m2\repository\org\djutils\djutils-cli\2.2.0\djutils-cli-2.2.0.jar;C:\Users\jesse\.m2\repository\org\djutils\djutils-data\2.2.0\djutils-data-2.2.0.jar;C:\Users\jesse\.m2\repository\com\google\code\gson\gson\2.9.1\gson-2.9.1.jar;C:\Users\jesse\.m2\repository\nl\tudelft\simulation\dsol-core\4.2.1\dsol-core-4.2.1.jar;C:\Users\jesse\.m2\repository\nl\tudelft\simulation\dsol-base\4.2.1\dsol-base-4.2.1.jar;C:\Users\jesse\.m2\repository\nl\tudelft\simulation\dsol-naming\4.2.1\dsol-naming-4.2.1.jar;C:\Users\jesse\.m2\repository\org\djutils\djutils-stats\2.2.0\djutils-stats-2.2.0.jar;C:\Users\jesse\.m2\repository\com\tdunning\t-digest\3.2\t-digest-3.2.jar;C:\Users\jesse\.m2\repository\org\jgrapht\jgrapht-core\1.5.1\jgrapht-core-1.5.1.jar;C:\Users\jesse\.m2\repository\org\jheaps\jheaps\0.13\jheaps-0.13.jar;C:\Users\jesse\.m2\repository\org\opentrafficsim\ots-kpi\1.7.4\ots-kpi-1.7.4.jar;C:\Users\jesse\.m2\repository\com\thoughtworks\xstream\xstream\1.4.20\xstream-1.4.20.jar;C:\Users\jesse\.m2\repository\io\github\x-stream\mxparser\1.2.2\mxparser-1.2.2.jar;C:\Users\jesse\.m2\repository\xmlpull\xmlpull\1.1.3.1\xmlpull-1.1.3.1.jar;C:\Users\jesse\.m2\repository\org\tinylog\tinylog\1.3.6\tinylog-1.3.6.jar;C:\Users\jesse\.m2\repository\javax\annotation\javax.annotation-api\1.3.2\javax.annotation-api-1.3.2.jar;C:\Users\jesse\.m2\repository\org\opentrafficsim\ots-demo\1.7.4\ots-demo-1.7.4.jar;C:\Users\jesse\.m2\repository\org\opentrafficsim\ots-animation\1.7.4\ots-animation-1.7.4.jar;C:\Users\jesse\.m2\repository\or
Launcher Type: SUN_STANDARD

[Global flags]
     intx CICompilerCount                          = 12                                        {product} {ergonomic}
     uint ConcGCThreads                            = 3                                         {product} {ergonomic}
     uint G1ConcRefinementThreads                  = 13                                        {product} {ergonomic}
   size_t G1HeapRegionSize                         = 2097152                                   {product} {ergonomic}
    uintx GCDrainStackTargetSize                   = 64                                        {product} {ergonomic}
   size_t InitialHeapSize                          = 260046848                                 {product} {ergonomic}
   size_t MarkStackSize                            = 4194304                                   {product} {ergonomic}
   size_t MaxHeapSize                              = 4135583744                                {product} {ergonomic}
   size_t MaxNewSize                               = 2480930816                                {product} {ergonomic}
   size_t MinHeapDeltaBytes                        = 2097152                                   {product} {ergonomic}
   size_t MinHeapSize                              = 8388608                                   {product} {ergonomic}
    uintx NonNMethodCodeHeapSize                   = 7602480                                {pd product} {ergonomic}
    uintx NonProfiledCodeHeapSize                  = 122027880                              {pd product} {ergonomic}
    uintx ProfiledCodeHeapSize                     = 122027880                              {pd product} {ergonomic}
    uintx ReservedCodeCacheSize                    = 251658240                              {pd product} {ergonomic}
     bool SegmentedCodeCache                       = true                                      {product} {ergonomic}
   size_t SoftMaxHeapSize                          = 4135583744                             {manageable} {ergonomic}
     bool UseCompressedClassPointers               = true                           {product lp64_product} {ergonomic}
     bool UseCompressedOops                        = true                           {product lp64_product} {ergonomic}
     bool UseG1GC                                  = true                                      {product} {ergonomic}
     bool UseLargePagesIndividualAllocation        = false                                  {pd product} {ergonomic}

Logging:
Log output configuration:
 #0: stdout all=warning uptime,level,tags
 #1: stderr all=off uptime,level,tags

Environment Variables:
PATH=C:\Users\jesse\miniconda3\envs\thesisexperiments;C:\Users\jesse\miniconda3\envs\thesisexperiments\Library\mingw-w64\bin;C:\Users\jesse\miniconda3\envs\thesisexperiments\Library\usr\bin;C:\Users\jesse\miniconda3\envs\thesisexperiments\Library\bin;C:\Users\jesse\miniconda3\envs\thesisexperiments\Scripts;C:\Users\jesse\miniconda3\envs\thesisexperiments\bin;C:\Users\jesse\miniconda3\condabin;C:\Program Files\Common Files\Oracle\Java\javapath;C:\Program Files\NVIDIA GPU Computing Toolkit\CUDA\v12.2\bin;C:\Program Files\NVIDIA GPU Computing Toolkit\CUDA\v12.2\libnvvp;C:\Program Files (x86)\Common Files\Oracle\Java\javapath;C:\Windows\system32;C:\Windows;C:\Windows\System32\Wbem;C:\Windows\System32\WindowsPowerShell\v1.0;C:\Windows\System32\OpenSSH;C:\Program Files (x86)\NVIDIA Corporation\PhysX\Common;C:\Program Files\NVIDIA Corporation\NVIDIA NvDLISR;C:\Program Files\dotnet;C:\WINDOWS\system32;C:\WINDOWS;C:\WINDOWS\System32\Wbem;C:\WINDOWS\System32\WindowsPowerShell\v1.0;C:\WINDOWS\System32\OpenSSH;C:\Program Files\Git\cmd;C:\Program Files\NVIDIA Corporation\Nsight Compute 2023.2.2;C:\Users\jesse\AppData\Local\Programs\Python\Python38\Scripts;C:\Users\jesse\AppData\Local\Programs\Python\Python38;C:\Users\jesse\AppData\Local\Programs\Python\Python310\Scripts;C:\Users\jesse\AppData\Local\Programs\Python\Python310;C:\Users\jesse\AppData\Local\Microsoft\WindowsApps;C:\Users\jesse\AppData\Local\Programs\Microsoft VS Code\bin;C:\Users\jesse\AppData\Local\GitHubDesktop\bin;C:\Users\jesse\.dotnet\tools;.
USERNAME=jesse
OS=Windows_NT
PROCESSOR_IDENTIFIER=AMD64 Family 25 Model 80 Stepping 0, AuthenticAMD



---------------  S Y S T E M  ---------------

OS:
 Windows 11 , 64 bit Build 22621 (10.0.22621.3527)
OS uptime: 48 days 1:42 hours
Hyper-V role detected

CPU: total 16 (initial active 16) (16 cores per cpu, 2 threads per core) family 25 model 80 stepping 0 microcode 0x0, cx8, cmov, fxsr, ht, mmx, 3dnowpref, sse, sse2, sse3, ssse3, sse4a, sse4.1, sse4.2, popcnt, lzcnt, tsc, tscinvbit, avx, avx2, aes, erms, clmul, bmi1, bmi2, adx, sha, fma, vzeroupper, clflush, clflushopt, hv

Memory: 4k page, system-wide physical 15775M (2M free)
TotalPageFile size 64927M (AvailPageFile size 110M)
current process WorkingSet (physical memory assigned to process): 6M, peak: 271M
current process commit charge ("private bytes"): 548M, peak: 856M

vm_info: Java HotSpot(TM) 64-Bit Server VM (17.0.10+11-LTS-240) for windows-amd64 JRE (17.0.10+11-LTS-240), built on Dec 19 2023 21:47:25 by "mach5one" with MS VC++ 17.1 (VS2022)

END.
